info: Jun-15-2021 12:04:04: 	Server started and running on http://localhost:5000
error: Jun-15-2021 12:05:29: 	400 || Not Found - /api/stripe/test - PUT - ::ffff:127.0.0.1
info: Jun-15-2021 12:10:52: 	Server started and running on http://localhost:5000
info: Jun-15-2021 12:11:15: 	Server started and running on http://localhost:5000
info: Jun-15-2021 12:47:20: 	Server started and running on http://localhost:5000
info: Jun-15-2021 12:53:16: 	Server started and running on http://localhost:5000
info: Jun-15-2021 12:53:35: 	Server started and running on http://localhost:5000
info: Jun-15-2021 12:54:15: 	Server started and running on http://localhost:5000
error: Jun-15-2021 12:55:33: 	400 || Not Found - /api/stripe/test - PUT - ::ffff:127.0.0.1
info: Jun-15-2021 13:04:02: 	Server started and running on http://localhost:5000
info: Jun-15-2021 13:04:33: 	Server started and running on http://localhost:5000
info: Jun-15-2021 13:05:27: 	Server started and running on http://localhost:5000
info: Jun-15-2021 13:27:02: 	Server started and running on http://localhost:5000
info: Jun-15-2021 13:27:15: 	Server started and running on http://localhost:5000
info: Jun-15-2021 13:36:34: 	Server started and running on http://localhost:5000
info: Jun-15-2021 13:43:24: 	Server started and running on http://localhost:5000
info: Jun-15-2021 13:43:43: 	Server started and running on http://localhost:5000
info: Jun-15-2021 13:44:41: 	Server started and running on http://localhost:5000
info: Jun-15-2021 13:47:51: 	Server started and running on http://localhost:5000
info: Jun-15-2021 13:48:26: 	Server started and running on http://localhost:5000
info: Jun-15-2021 13:49:31: 	Server started and running on http://localhost:5000
info: Jun-15-2021 13:52:14: 	Server started and running on http://localhost:5000
info: Jun-15-2021 13:53:02: 	Server started and running on http://localhost:5000
info: Jun-15-2021 13:53:24: 	Server started and running on http://localhost:5000
info: Jun-15-2021 13:54:20: 	Server started and running on http://localhost:5000
info: Jun-15-2021 13:54:44: 	Server started and running on http://localhost:5000
info: Jun-15-2021 13:54:57: 	Server started and running on http://localhost:5000
info: Jun-15-2021 13:55:44: 	Server started and running on http://localhost:5000
info: Jun-15-2021 13:58:52: 	Server started and running on http://localhost:5000
info: Jun-15-2021 13:59:20: 	Server started and running on http://localhost:5000
info: Jun-15-2021 13:59:36: 	Server started and running on http://localhost:5000
info: Jun-15-2021 13:59:45: 	Server started and running on http://localhost:5000
info: Jun-15-2021 13:59:58: 	Server started and running on http://localhost:5000
info: Jun-15-2021 14:00:50: 	Server started and running on http://localhost:5000
info: Jun-15-2021 14:01:07: 	Server started and running on http://localhost:5000
info: Jun-15-2021 14:02:06: 	Server started and running on http://localhost:5000
info: Jun-15-2021 14:05:28: 	Server started and running on http://localhost:5000
info: Jun-15-2021 14:06:58: 	Server started and running on http://localhost:5000
info: Jun-15-2021 14:07:25: 	Server started and running on http://localhost:5000
info: Jun-15-2021 14:07:41: 	Server started and running on http://localhost:5000
info: Jun-15-2021 14:19:51: 	Server started and running on http://localhost:5000
info: Jun-15-2021 14:20:49: 	Server started and running on http://localhost:5000
info: Jun-15-2021 14:21:00: 	Server started and running on http://localhost:5000
info: Jun-15-2021 14:22:42: 	Server started and running on http://localhost:5000
info: Jun-15-2021 14:22:58: 	Server started and running on http://localhost:5000
info: Jun-15-2021 14:23:05: 	Server started and running on http://localhost:5000
info: Jun-15-2021 14:23:42: 	Server started and running on http://localhost:5000
info: Jun-15-2021 14:23:49: 	Server started and running on http://localhost:5000
info: Jun-15-2021 14:26:10: 	Server started and running on http://localhost:5000
info: Jun-15-2021 14:27:04: 	Server started and running on http://localhost:5000
info: Jun-15-2021 14:27:23: 	Server started and running on http://localhost:5000
info: Jun-15-2021 14:27:30: 	Server started and running on http://localhost:5000
info: Jun-15-2021 14:28:06: 	Server started and running on http://localhost:5000
info: Jun-15-2021 14:30:12: 	Server started and running on http://localhost:5000
info: Jun-15-2021 14:30:34: 	Server started and running on http://localhost:5000
info: Jun-15-2021 14:35:53: 	Server started and running on http://localhost:5000
info: Jun-15-2021 14:42:23: 	Server started and running on http://localhost:5000
info: Jun-15-2021 15:16:50: 	Server started and running on http://localhost:5000
info: Jun-15-2021 15:20:42: 	Server started and running on http://localhost:5000
info: Jun-15-2021 15:22:39: 	Server started and running on http://localhost:5000
info: Jun-15-2021 15:25:54: 	Server started and running on http://localhost:5000
info: Jun-15-2021 15:28:59: 	Server started and running on http://localhost:5000
info: Jun-15-2021 15:41:01: 	Server started and running on http://localhost:5000
info: Jun-15-2021 15:44:38: 	Server started and running on http://localhost:5000
info: Jun-15-2021 15:44:59: 	Server started and running on http://localhost:5000
info: Jun-15-2021 15:46:27: 	Server started and running on http://localhost:5000
info: Jun-15-2021 15:47:44: 	Server started and running on http://localhost:5000
info: Jun-15-2021 15:48:03: 	Server started and running on http://localhost:5000
info: Jun-15-2021 15:49:35: 	Server started and running on http://localhost:5000
info: Jun-15-2021 15:51:42: 	Server started and running on http://localhost:5000
info: Jun-15-2021 15:55:10: 	Server started and running on http://localhost:5000
info: Jun-15-2021 15:55:28: 	Server started and running on http://localhost:5000
info: Jun-15-2021 15:55:56: 	Server started and running on http://localhost:5000
info: Jun-15-2021 15:57:11: 	Server started and running on http://localhost:5000
info: Jun-15-2021 15:57:44: 	Server started and running on http://localhost:5000
info: Jun-15-2021 15:59:19: 	Server started and running on http://localhost:5000
info: Jun-15-2021 16:00:12: 	Server started and running on http://localhost:5000
info: Jun-15-2021 16:01:00: 	Server started and running on http://localhost:5000
info: Jun-15-2021 16:01:17: 	Server started and running on http://localhost:5000
info: Jun-15-2021 16:49:24: 	Server started and running on http://localhost:5000
info: Jun-15-2021 16:49:51: 	Server started and running on http://localhost:5000
info: Jun-15-2021 16:55:17: 	Server started and running on http://localhost:5000
info: Jun-15-2021 16:55:29: 	Server started and running on http://localhost:5000
info: Jun-15-2021 16:55:39: 	Server started and running on http://localhost:5000
info: Jun-15-2021 16:57:20: 	Server started and running on http://localhost:5000
info: Jun-16-2021 11:53:59: 	Server started and running on http://localhost:5000
info: Jun-16-2021 11:58:33: 	Server started and running on http://localhost:5000
info: Jun-16-2021 12:00:10: 	Server started and running on http://localhost:5000
info: Jun-16-2021 12:00:26: 	Server started and running on http://localhost:5000
info: Jun-16-2021 12:01:26: 	Server started and running on http://localhost:5000
info: Jun-16-2021 12:59:24: 	Server started and running on http://localhost:5000
info: Jun-16-2021 13:04:36: 	Server started and running on http://localhost:5000
info: Jun-16-2021 13:05:36: 	Server started and running on http://localhost:5000
info: Jun-16-2021 13:08:28: 	Server started and running on http://localhost:5000
info: Jun-16-2021 13:08:52: 	Server started and running on http://localhost:5000
info: Jun-16-2021 13:12:07: 	Server started and running on http://localhost:5000
info: Jun-16-2021 14:11:02: 	Server started and running on http://localhost:5000
info: Jun-16-2021 14:17:54: 	Server started and running on http://localhost:5000
info: Jun-16-2021 14:20:11: 	Server started and running on http://localhost:5000
info: Jun-16-2021 14:20:42: 	Server started and running on http://localhost:5000
info: Jun-16-2021 14:21:12: 	Server started and running on http://localhost:5000
info: Jun-16-2021 14:21:37: 	Server started and running on http://localhost:5000
info: Jun-16-2021 14:23:11: 	Server started and running on http://localhost:5000
info: Jun-16-2021 14:24:25: 	Server started and running on http://localhost:5000
info: Jun-16-2021 14:25:09: 	Server started and running on http://localhost:5000
info: Jun-16-2021 14:25:33: 	Server started and running on http://localhost:5000
info: Jun-16-2021 14:25:49: 	Server started and running on http://localhost:5000
error: Jun-16-2021 14:26:03: 	400 - Internal Server Error - Unexpected token } in JSON at position 28 - /api/stripe/test - POST - ::ffff:127.0.0.1
info: Jun-16-2021 14:27:36: 	Server started and running on http://localhost:5000
info: Jun-16-2021 14:27:41: 	Server started and running on http://localhost:5000
info: Jun-16-2021 14:27:43: 	Server started and running on http://localhost:5000
info: Jun-16-2021 14:29:27: 	Server started and running on http://localhost:5000
info: Jun-16-2021 14:30:24: 	Server started and running on http://localhost:5000
info: Jun-16-2021 14:37:42: 	Server started and running on http://localhost:5000
info: Jun-16-2021 14:37:56: 	Server started and running on http://localhost:5000
info: Jun-16-2021 14:38:16: 	Server started and running on http://localhost:5000
info: Jun-16-2021 14:38:37: 	Server started and running on http://localhost:5000
info: Jun-16-2021 14:39:04: 	Server started and running on http://localhost:5000
info: Jun-16-2021 14:40:38: 	Server started and running on http://localhost:5000
info: Jun-16-2021 14:41:41: 	Server started and running on http://localhost:5000
info: Jun-16-2021 14:42:22: 	Server started and running on http://localhost:5000
info: Jun-16-2021 14:42:38: 	Server started and running on http://localhost:5000
info: Jun-16-2021 14:55:34: 	Server started and running on http://localhost:5000
info: Jun-16-2021 14:56:11: 	Server started and running on http://x86_64-apple-darwin13.4.0:5000
info: Jun-16-2021 14:56:19: 	Server started and running on http://localhost:5000
info: Jun-16-2021 14:59:22: 	Server started and running on http://localhost:5000
info: Jun-16-2021 14:59:44: 	Server started and running on http://localhost:5000
info: Jun-16-2021 15:00:25: 	Server started and running on http://localhost:5000
info: Jun-16-2021 15:00:55: 	Server started and running on http://localhost:5000
info: Jun-16-2021 15:01:04: 	Server started and running on http://localhost:5000
info: Jun-16-2021 15:01:30: 	Server started and running on http://localhost:5000
info: Jun-16-2021 15:01:47: 	Server started and running on http://localhost:5000
info: Jun-16-2021 17:11:47: 	Server started and running on http://localhost:5000
info: Jun-16-2021 17:12:32: 	Server started and running on http://localhost:5000
info: Jun-16-2021 17:13:06: 	Server started and running on http://localhost:5000
info: Jun-16-2021 17:13:27: 	Server started and running on http://localhost:5000
info: Jun-16-2021 17:13:43: 	Server started and running on http://localhost:5000
info: Jun-16-2021 17:13:58: 	Server started and running on http://localhost:5000
info: Jun-16-2021 17:14:55: 	Server started and running on http://localhost:5000
info: Jun-16-2021 17:16:25: 	Server started and running on http://localhost:5000
info: Jun-16-2021 17:16:28: 	Server started and running on http://localhost:5000
info: Jun-16-2021 17:21:37: 	Server started and running on http://localhost:5000
info: Jun-16-2021 17:24:51: 	Server started and running on http://localhost:5000
info: Jun-16-2021 17:29:42: 	Server started and running on http://localhost:5000
info: Jun-16-2021 17:32:22: 	Server started and running on http://localhost:5000
info: Jun-16-2021 17:32:47: 	Server started and running on http://localhost:5000
info: Jun-16-2021 17:33:45: 	Server started and running on http://localhost:5000
info: Jun-16-2021 17:34:02: 	Server started and running on http://localhost:5000
info: Jun-16-2021 17:35:18: 	Server started and running on http://localhost:5000
info: Jun-16-2021 17:35:38: 	Server started and running on http://localhost:5000
info: Jun-16-2021 17:36:45: 	Server started and running on http://localhost:5000
info: Jun-16-2021 17:36:54: 	Server started and running on http://localhost:5000
info: Jun-16-2021 17:37:04: 	Server started and running on http://localhost:5000
info: Jun-16-2021 17:37:16: 	Server started and running on http://localhost:5000
info: Jun-17-2021 12:37:15: 	Server started and running on http://localhost:5000
info: Jun-17-2021 12:38:28: 	Server started and running on http://localhost:5000
info: Jun-17-2021 12:40:59: 	Server started and running on http://localhost:5000
info: Jun-17-2021 12:41:31: 	Server started and running on http://localhost:5000
info: Jun-17-2021 12:41:32: 	Server started and running on http://localhost:5000
info: Jun-17-2021 12:42:16: 	Server started and running on http://localhost:5000
info: Jun-17-2021 12:45:24: 	Server started and running on http://localhost:5000
info: Jun-17-2021 12:45:54: 	Server started and running on http://localhost:5000
info: Jun-17-2021 12:46:10: 	Server started and running on http://localhost:5000
info: Jun-17-2021 12:46:25: 	Server started and running on http://localhost:5000
error: Jun-17-2021 12:46:31: 	400 - Internal Server Error - Unexpected token } in JSON at position 21 - /api/stripe/test - POST - ::ffff:127.0.0.1
info: Jun-17-2021 12:50:04: 	Server started and running on http://localhost:5000
info: Jun-17-2021 12:52:32: 	Server started and running on http://localhost:5000
info: Jun-17-2021 12:56:41: 	Server started and running on http://localhost:5000
info: Jun-17-2021 12:57:32: 	Server started and running on http://localhost:5000
info: Jun-17-2021 12:58:17: 	Server started and running on http://localhost:5000
info: Jun-17-2021 12:59:07: 	Server started and running on http://localhost:5000
info: Jun-17-2021 12:59:23: 	Server started and running on http://localhost:5000
info: Jun-17-2021 13:00:00: 	Server started and running on http://localhost:5000
info: Jun-17-2021 13:00:11: 	Server started and running on http://localhost:5000
info: Jun-17-2021 13:05:52: 	Server started and running on http://localhost:5000
info: Jun-17-2021 13:07:09: 	Server started and running on http://localhost:5000
info: Jun-17-2021 13:10:57: 	Server started and running on http://localhost:5000
info: Jun-17-2021 13:11:25: 	Server started and running on http://localhost:5000
info: Jun-17-2021 13:20:38: 	Server started and running on http://localhost:5000
info: Jun-17-2021 13:21:43: 	Server started and running on http://localhost:5000
info: Jun-17-2021 13:23:16: 	Server started and running on http://localhost:5000
info: Jun-17-2021 13:23:26: 	Server started and running on http://localhost:5000
info: Jun-17-2021 13:48:22: 	Server started and running on http://localhost:5000
info: Jun-17-2021 13:49:14: 	Server started and running on http://localhost:5000
info: Jun-17-2021 13:51:15: 	Server started and running on http://localhost:5000
info: Jun-17-2021 13:51:30: 	Server started and running on http://localhost:5000
info: Jun-17-2021 13:53:55: 	Server started and running on http://localhost:5000
info: Jun-17-2021 13:55:07: 	Server started and running on http://localhost:5000
info: Jun-17-2021 14:08:12: 	Server started and running on http://localhost:5000
info: Jun-17-2021 14:08:40: 	Server started and running on http://localhost:5000
info: Jun-17-2021 14:10:31: 	Server started and running on http://localhost:5000
info: Jun-17-2021 14:34:03: 	Server started and running on http://localhost:5000
info: Jun-17-2021 14:35:06: 	Server started and running on http://localhost:5000
info: Jun-17-2021 14:43:57: 	Server started and running on http://localhost:5000
info: Jun-17-2021 14:48:40: 	Server started and running on http://localhost:5000
info: Jun-17-2021 14:54:29: 	Server started and running on http://localhost:5000
info: Jun-17-2021 14:55:32: 	Server started and running on http://localhost:5000
info: Jun-17-2021 15:05:31: 	Server started and running on http://localhost:5000
info: Jun-17-2021 15:08:30: 	Server started and running on http://localhost:5000
info: Jun-17-2021 15:08:40: 	Server started and running on http://localhost:5000
info: Jun-17-2021 15:25:27: 	Server started and running on http://localhost:5000
info: Jun-17-2021 15:26:36: 	Server started and running on http://localhost:5000
info: Jun-17-2021 15:27:04: 	Server started and running on http://localhost:5000
info: Jun-17-2021 15:29:06: 	Server started and running on http://localhost:5000
info: Jun-17-2021 15:33:23: 	Server started and running on http://localhost:5000
info: Jun-17-2021 15:35:38: 	Server started and running on http://localhost:5000
info: Jun-17-2021 15:36:10: 	Server started and running on http://localhost:5000
info: Jun-17-2021 15:36:57: 	Server started and running on http://localhost:5000
info: Jun-17-2021 15:39:33: 	Server started and running on http://localhost:5000
info: Jun-17-2021 15:40:10: 	Server started and running on http://localhost:5000
info: Jun-17-2021 15:40:48: 	Server started and running on http://localhost:5000
info: Jun-17-2021 15:41:45: 	Server started and running on http://localhost:5000
info: Jun-17-2021 15:43:08: 	Server started and running on http://localhost:5000
info: Jun-17-2021 15:43:36: 	Server started and running on http://localhost:5000
info: Jun-17-2021 15:44:44: 	Server started and running on http://localhost:5000
info: Jun-17-2021 15:44:52: 	Server started and running on http://localhost:5000
info: Jun-17-2021 15:46:36: 	Server started and running on http://localhost:5000
info: Jun-17-2021 16:25:39: 	Server started and running on http://localhost:5000
info: Jun-17-2021 16:26:34: 	Server started and running on http://localhost:5000
info: Jun-17-2021 16:27:47: 	Server started and running on http://localhost:5000
info: Jun-17-2021 16:29:31: 	Server started and running on http://localhost:5000
info: Jun-17-2021 16:30:26: 	Server started and running on http://localhost:5000
info: Jun-17-2021 16:31:35: 	Server started and running on http://localhost:5000
info: Jun-17-2021 16:32:15: 	Server started and running on http://localhost:5000
info: Jun-17-2021 16:32:36: 	Server started and running on http://localhost:5000
info: Jun-17-2021 16:32:48: 	Server started and running on http://localhost:5000
info: Jun-17-2021 16:33:12: 	Server started and running on http://localhost:5000
info: Jun-17-2021 16:35:03: 	Server started and running on http://localhost:5000
info: Jun-17-2021 16:35:30: 	Server started and running on http://localhost:5000
info: Jun-17-2021 16:53:34: 	Server started and running on http://localhost:5000
info: Jun-17-2021 16:54:52: 	Server started and running on http://localhost:5000
info: Jun-17-2021 16:57:50: 	Server started and running on http://localhost:5000
info: Jun-17-2021 16:58:13: 	Server started and running on http://localhost:5000
info: Jun-17-2021 16:59:32: 	Server started and running on http://localhost:5000
info: Jun-17-2021 16:59:54: 	Server started and running on http://localhost:5000
info: Jun-17-2021 17:01:21: 	Server started and running on http://localhost:5000
info: Jun-17-2021 17:03:14: 	Server started and running on http://localhost:5000
info: Jun-17-2021 17:04:15: 	Server started and running on http://localhost:5000
info: Jun-17-2021 17:05:01: 	Server started and running on http://localhost:5000
error: Jun-17-2021 17:05:37: 	400 || Not Found - /api/auth/submit - POST - ::ffff:127.0.0.1
error: Jun-17-2021 17:06:14: 	400 || Not Found - /api/auth/bid - POST - ::ffff:127.0.0.1
error: Jun-17-2021 17:06:35: 	400 || Not Found - /api/auth/bid/6050c9bd7eade8231fb9d76a - POST - ::ffff:127.0.0.1
error: Jun-17-2021 17:06:51: 	400 || Not Found - /api/item/bid/6050c9bd7eade8231fb9d76a - POST - ::ffff:127.0.0.1
error: Jun-17-2021 17:06:56: 	400 || Not Found - /api/item/bid/6050c9bd7eade8231fb9d76a - POST - ::ffff:127.0.0.1
error: Jun-17-2021 17:07:32: 	400 || Not Found - /api/item/submit - POST - ::ffff:127.0.0.1
info: Jun-17-2021 17:09:36: 	Server started and running on http://localhost:5000
error: Jun-17-2021 17:09:43: 	400 || Not Found - /api/item/submit - POST - ::ffff:127.0.0.1
info: Jun-17-2021 17:32:48: 	Server started and running on http://localhost:5000
info: Jun-17-2021 17:33:39: 	Server started and running on http://localhost:5000
info: Jun-17-2021 17:36:31: 	Server started and running on http://localhost:5000
info: Jun-17-2021 17:37:01: 	Server started and running on http://localhost:5000
info: Jun-17-2021 17:41:00: 	Server started and running on http://localhost:5000
info: Jun-17-2021 17:41:10: 	Server started and running on http://localhost:5000
error: Jun-17-2021 17:41:46: 	400 || Not Found - /api/item/comment/6050c9bd7eade8231fb9d76a - POST - ::ffff:127.0.0.1
info: Jun-17-2021 17:42:14: 	Server started and running on http://localhost:5000
info: Jun-17-2021 17:43:06: 	Server started and running on http://localhost:5000
info: Jun-17-2021 17:44:05: 	Server started and running on http://localhost:5000
info: Jun-17-2021 17:57:28: 	Server started and running on http://localhost:5000
info: Jun-17-2021 17:59:54: 	Server started and running on http://localhost:5000
info: Jun-17-2021 18:00:06: 	Server started and running on http://localhost:5000
info: Jun-17-2021 18:00:11: 	Server started and running on http://localhost:5000
info: Jun-17-2021 18:00:24: 	Server started and running on http://localhost:5000
info: Jun-17-2021 18:00:29: 	Server started and running on http://localhost:5000
info: Jun-17-2021 18:00:39: 	Server started and running on http://localhost:5000
info: Jun-17-2021 18:00:46: 	Server started and running on http://localhost:5000
info: Jun-17-2021 18:01:01: 	Server started and running on http://localhost:5000
info: Jun-17-2021 18:01:34: 	Server started and running on http://localhost:5000
info: Jun-17-2021 18:03:26: 	Server started and running on http://localhost:5000
